Solid Edge Translation to STL
Date: Monday,March 21,2022 10:53AM
Source File:D:\BJHS_Greenpower\Designs_CAD\JimmyHeater\JimmyHeater_01.par
Source System: SOLID EDGE

Hardware:
Processor: Intel(R) Core(TM) i7-4790K CPU @ 4.00GHz
Operating System: Windows 10 Enterprise Edition
Installed Memory: 15.93 GB

Software Information:
Parasolid Version: 32.1.222
PSBodyshop Version: 32.1.94
Solid Edge Version: 221.00.03.003 x64

STL Export Options:
Output File Format:BINARY
Export Displayed Parts:Off
structureOption: Monolithic
Export Units:Millimeter
Export Tolerance Value:0.001000
Export Tolerance Type:Custom
Export Surface Plane Angle Value:0.017453

Translation progress:
Phase 1 of 2 Fetching Parasolid information...
Phase 2 of 2 Translating Parasolid to foreign data types...
Number of STL file Created : 1
Translation process completed
Time required to translate:00 : 00 : 04
