Solid Edge Translation to STL
Date: Sunday,December 04,2022 11:51AM
Source File:D:\_Projects\Jimmy_Controller\CAD\JimmyHeater_01.par
Source System: SOLID EDGE

Hardware:
Processor: Intel(R) Core(TM) i7-4790K CPU @ 4.00GHz
Operating System: Windows 10 Enterprise Edition
Installed Memory: 15.93 GB

Software Information:
Parasolid Version: 34.0.153
PSBodyshop Version: 34.0.110
Solid Edge Version: 222.00.00.132 x64

STL Export Options:
Output File Format:BINARY
Export Displayed Parts:Off
structureOption: Monolithic
Export Units:Millimeter
Export Tolerance Value:0.001000
Export Tolerance Type:Custom
Export Surface Plane Angle Value:0.017453

Translation progress:
Phase 1 of 2 Fetching Parasolid information...
Phase 2 of 2 Translating Parasolid to foreign data types...
Number of STL file Created : 1
Translation process completed
Time required to translate:00 : 00 : 02
